<?xml version="1.0" encoding="UTF-8"?>
<!-- Generated by org.testng.reporters.JUnitXMLReporter -->
<testsuite hostname="LAPTOP-5CFAC77E" ignored="0" name="Test" tests="4" failures="0" timestamp="21 Dec 2019 11:32:10 GMT" time="0.038" errors="0">
  <testcase name="test3" time="0.008" classname="demoproject.AppiumTest"/>
  <testcase name="test4" time="0.0" classname="demoproject.AppiumTest"/>
  <testcase name="test1" time="0.0" classname="demoproject.SeleniumTest"/>
  <testcase name="test2" time="0.0" classname="demoproject.SeleniumTest"/>
</testsuite> <!-- Test -->
