<?xml version="1.0" encoding="UTF-8"?>
<testng-results skipped="0" failed="0" ignored="0" total="4" passed="4">
  <reporter-output>
  </reporter-output>
  <suite name="Suite" duration-ms="38" started-at="2019-12-21T11:32:09Z" finished-at="2019-12-21T11:32:10Z">
    <groups>
    </groups>
    <test name="Test" duration-ms="38" started-at="2019-12-21T11:32:09Z" finished-at="2019-12-21T11:32:10Z">
      <class name="demoproject.AppiumTest">
        <test-method status="PASS" signature="test3()[pri:0, instance:demoproject.AppiumTest@2ed94a8b]" name="test3" duration-ms="8" started-at="2019-12-21T11:32:10Z" finished-at="2019-12-21T11:32:10Z">
          <reporter-output>
          </reporter-output>
        </test-method> <!-- test3 -->
        <test-method status="PASS" signature="test4()[pri:0, instance:demoproject.AppiumTest@2ed94a8b]" name="test4" duration-ms="0" started-at="2019-12-21T11:32:10Z" finished-at="2019-12-21T11:32:10Z">
          <reporter-output>
          </reporter-output>
        </test-method> <!-- test4 -->
      </class> <!-- demoproject.AppiumTest -->
      <class name="demoproject.SeleniumTest">
        <test-method status="PASS" signature="test1()[pri:0, instance:demoproject.SeleniumTest@38082d64]" name="test1" duration-ms="0" started-at="2019-12-21T11:32:10Z" finished-at="2019-12-21T11:32:10Z">
          <reporter-output>
          </reporter-output>
        </test-method> <!-- test1 -->
        <test-method status="PASS" signature="test2()[pri:0, instance:demoproject.SeleniumTest@38082d64]" name="test2" duration-ms="0" started-at="2019-12-21T11:32:10Z" finished-at="2019-12-21T11:32:10Z">
          <reporter-output>
          </reporter-output>
        </test-method> <!-- test2 -->
      </class> <!-- demoproject.SeleniumTest -->
    </test> <!-- Test -->
  </suite> <!-- Suite -->
</testng-results>
